# JRE version: OpenJDK Runtime Environment (21.0.9+10) (build 21.0.9+10-Ubuntu-124.04)
# Java VM: OpenJDK 64-Bit Server VM (21.0.9+10-Ubuntu-124.04, mixed mode, sharing, tiered, compressed oops, compressed class ptrs, g1 gc, linux-amd64)
GC Precious Log:
 CardTable entry size: 512
 Card Set container configuration: InlinePtr #cards 4 size 8 Array Of Cards #cards 16 size 48 Howl #buckets 8 coarsen threshold 3686 Howl Bitmap #cards 512 size 80 coarsen threshold 460 Card regions per heap region 1 cards per card region 4096
 CPUs: 20 total, 20 available
 Memory: 15757M
 Large Page Support: Disabled
 NUMA Support: Disabled
 Compressed Oops: Enabled (Zero based)
 Heap Region Size: 2M
 Heap Min Capacity: 8M
 Heap Initial Capacity: 248M
 Heap Max Capacity: 3940M
 Pre-touch: Disabled
 Parallel Workers: 15
 Concurrent Workers: 4
 Concurrent Refinement Workers: 15
 Periodic GC: Disabled
Heap:
 garbage-first heap   total 157696K, used 97880K [0x0000000709c00000, 0x0000000800000000)
  region size 2048K, 15 young (30720K), 2 survivors (4096K)
 Metaspace       used 41983K, committed 42368K, reserved 1114112K
  class space    used 5069K, committed 5248K, reserved 1048576K
GC Heap History (20 events):
Event: 196.001 GC heap before
{Heap before GC invocations=40 (full 0):
 garbage-first heap   total 129024K, used 127217K [0x0000000709c00000, 0x0000000800000000)
  region size 2048K, 24 young (49152K), 1 survivors (2048K)
 Metaspace       used 41783K, committed 42176K, reserved 1114112K
  class space    used 5067K, committed 5248K, reserved 1048576K
}
Event: 196.004 GC heap after
{Heap after GC invocations=41 (full 0):
 garbage-first heap   total 133120K, used 35684K [0x0000000709c00000, 0x0000000800000000)
  region size 2048K, 1 young (2048K), 1 survivors (2048K)
 Metaspace       used 41783K, committed 42176K, reserved 1114112K
  class space    used 5067K, committed 5248K, reserved 1048576K
}
Event: 198.457 GC heap before
{Heap before GC invocations=41 (full 0):
 garbage-first heap   total 133120K, used 39780K [0x0000000709c00000, 0x0000000800000000)
  region size 2048K, 4 young (8192K), 1 survivors (2048K)
 Metaspace       used 41910K, committed 42304K, reserved 1114112K
  class space    used 5068K, committed 5248K, reserved 1048576K
}
Event: 198.459 GC heap after
{Heap after GC invocations=42 (full 0):
 garbage-first heap   total 133120K, used 36109K [0x0000000709c00000, 0x0000000800000000)
  region size 2048K, 1 young (2048K), 1 survivors (2048K)
 Metaspace       used 41910K, committed 42304K, reserved 1114112K
  class space    used 5068K, committed 5248K, reserved 1048576K
}
Event: 198.595 GC heap before
{Heap before GC invocations=43 (full 0):
 garbage-first heap   total 133120K, used 46349K [0x0000000709c00000, 0x0000000800000000)
  region size 2048K, 5 young (10240K), 1 survivors (2048K)
 Metaspace       used 41914K, committed 42304K, reserved 1114112K
  class space    used 5068K, committed 5248K, reserved 1048576K
}
Event: 198.597 GC heap after
{Heap after GC invocations=44 (full 0):
 garbage-first heap   total 133120K, used 40515K [0x0000000709c00000, 0x0000000800000000)
  region size 2048K, 2 young (4096K), 2 survivors (4096K)
 Metaspace       used 41914K, committed 42304K, reserved 1114112K
  class space    used 5068K, committed 5248K, reserved 1048576K
}
Event: 198.750 GC heap before
{Heap before GC invocations=45 (full 0):
 garbage-first heap   total 133120K, used 46659K [0x0000000709c00000, 0x0000000800000000)
  region size 2048K, 4 young (8192K), 2 survivors (4096K)
 Metaspace       used 41914K, committed 42304K, reserved 1114112K
  class space    used 5068K, committed 5248K, reserved 1048576K
}
Event: 198.751 GC heap after
{Heap after GC invocations=46 (full 0):
 garbage-first heap   total 159744K, used 40535K [0x0000000709c00000, 0x0000000800000000)
  region size 2048K, 2 young (4096K), 2 survivors (4096K)
 Metaspace       used 41914K, committed 42304K, reserved 1114112K
  class space    used 5068K, committed 5248K, reserved 1048576K
}
Event: 200.950 GC heap before
{Heap before GC invocations=47 (full 0):
 garbage-first heap   total 161792K, used 157271K [0x0000000709c00000, 0x0000000800000000)
  region size 2048K, 28 young (57344K), 2 survivors (4096K)
 Metaspace       used 41920K, committed 42304K, reserved 1114112K
  class space    used 5068K, committed 5248K, reserved 1048576K
}
Event: 200.951 GC heap after
{Heap after GC invocations=48 (full 0):
 garbage-first heap   total 165888K, used 40357K [0x0000000709c00000, 0x0000000800000000)
  region size 2048K, 1 young (2048K), 1 survivors (2048K)
 Metaspace       used 41920K, committed 42304K, reserved 1114112K
  class space    used 5068K, committed 5248K, reserved 1048576K
}
Event: 203.278 GC heap before
{Heap before GC invocations=48 (full 0):
 garbage-first heap   total 169984K, used 167333K [0x0000000709c00000, 0x0000000800000000)
  region size 2048K, 29 young (59392K), 1 survivors (2048K)
 Metaspace       used 41920K, committed 42304K, reserved 1114112K
  class space    used 5068K, committed 5248K, reserved 1048576K
}
Event: 203.281 GC heap after
{Heap after GC invocations=49 (full 0):
 garbage-first heap   total 172032K, used 40351K [0x0000000709c00000, 0x0000000800000000)
  region size 2048K, 1 young (2048K), 1 survivors (2048K)
 Metaspace       used 41920K, committed 42304K, reserved 1114112K
  class space    used 5068K, committed 5248K, reserved 1048576K
}
Event: 203.284 GC heap before
{Heap before GC invocations=49 (full 0):
 garbage-first heap   total 172032K, used 40351K [0x0000000709c00000, 0x0000000800000000)
  region size 2048K, 2 young (4096K), 1 survivors (2048K)
 Metaspace       used 41920K, committed 42304K, reserved 1114112K
  class space    used 5068K, committed 5248K, reserved 1048576K
}
Event: 203.285 GC heap after
{Heap after GC invocations=50 (full 0):
 garbage-first heap   total 172032K, used 40439K [0x0000000709c00000, 0x0000000800000000)
  region size 2048K, 1 young (2048K), 1 survivors (2048K)
 Metaspace       used 41920K, committed 42304K, reserved 1114112K
  class space    used 5068K, committed 5248K, reserved 1048576K
}
Event: 205.492 GC heap before
{Heap before GC invocations=51 (full 0):
 garbage-first heap   total 159744K, used 159223K [0x0000000709c00000, 0x0000000800000000)
  region size 2048K, 27 young (55296K), 1 survivors (2048K)
 Metaspace       used 41930K, committed 42304K, reserved 1114112K
  class space    used 5068K, committed 5248K, reserved 1048576K
}
Event: 205.493 GC heap after
{Heap after GC invocations=52 (full 0):
 garbage-first heap   total 163840K, used 40326K [0x0000000709c00000, 0x0000000800000000)
  region size 2048K, 1 young (2048K), 1 survivors (2048K)
 Metaspace       used 41930K, committed 42304K, reserved 1114112K
  class space    used 5068K, committed 5248K, reserved 1048576K
}
Event: 207.715 GC heap before
{Heap before GC invocations=52 (full 0):
 garbage-first heap   total 163840K, used 161158K [0x0000000709c00000, 0x0000000800000000)
  region size 2048K, 28 young (57344K), 1 survivors (2048K)
 Metaspace       used 41957K, committed 42368K, reserved 1114112K
  class space    used 5068K, committed 5248K, reserved 1048576K
}
Event: 207.716 GC heap after
{Heap after GC invocations=53 (full 0):
 garbage-first heap   total 165888K, used 40380K [0x0000000709c00000, 0x0000000800000000)
  region size 2048K, 1 young (2048K), 1 survivors (2048K)
 Metaspace       used 41957K, committed 42368K, reserved 1114112K
  class space    used 5068K, committed 5248K, reserved 1048576K
}
Event: 207.717 GC heap before
{Heap before GC invocations=53 (full 0):
 garbage-first heap   total 165888K, used 40380K [0x0000000709c00000, 0x0000000800000000)
  region size 2048K, 2 young (4096K), 1 survivors (2048K)
 Metaspace       used 41957K, committed 42368K, reserved 1114112K
  class space    used 5068K, committed 5248K, reserved 1048576K
}
Event: 207.719 GC heap after
{Heap after GC invocations=54 (full 0):
 garbage-first heap   total 165888K, used 40536K [0x0000000709c00000, 0x0000000800000000)
  region size 2048K, 2 young (4096K), 2 survivors (4096K)
 Metaspace       used 41957K, committed 42368K, reserved 1114112K
  class space    used 5068K, committed 5248K, reserved 1048576K
}

